<?xml version="1.0" encoding="UTF-8"?>
<!-- Generated by org.testng.reporters.JUnitReportReporter -->
<testsuite hostname="ad-resource" failures="0" tests="3" name="Com.TestNGTestcases.Search" time="53.167" errors="0" timestamp="2023-06-13T01:44:30 CDT" skipped="0">
  <testcase classname="Com.TestNGTestcases.Search" name="VerifySearchingWithoutProvidingAnyProductName" time="17.724"/>
  <system-out/>
  <testcase classname="Com.TestNGTestcases.Search" name="VerifySearchingWithProduct" time="18.750"/>
  <system-out/>
  <testcase classname="Com.TestNGTestcases.Search" name="VerifySearchingWithANonExistingProductName" time="16.693"/>
  <system-out/>
</testsuite> <!-- Com.TestNGTestcases.Search -->
